Using pre-set license
Built from '2020.3/staging' branch; Version is '2020.3.18f1 (a7d1c678663c) revision 10998214'; Using compiler version '192528614'; Build Type 'Release'
OS: 'Windows 10 Pro; OS build 19043.1165; Version 2009; 64bit' Language: 'en' Physical Memory: 16304 MB
BatchMode: 1, IsHumanControllingUs: 0, StartBugReporterOnCrash: 0, Is64bit: 1, IsPro: 0

COMMAND LINE ARGUMENTS:
E:\Unity\2020.3.18f1\Editor\Unity.exe
-adb2
-batchMode
-noUpm
-name
AssetImportWorker0
-projectPath
E:/Unity/2020.3.18f1/BarberApp/BarberApp
-logFile
Logs/AssetImportWorker0.log
-srvPort
58112
Successfully changed project path to: E:/Unity/2020.3.18f1/BarberApp/BarberApp
E:/Unity/2020.3.18f1/BarberApp/BarberApp
Using Asset Import Pipeline V2.
Refreshing native plugins compatible for Editor in 71.19 ms, found 4 plugins.
Preloading 0 native plugins for Editor in 0.00 ms.
Initialize engine version: 2020.3.18f1 (a7d1c678663c)
[Subsystems] Discovering subsystems at path E:/Unity/2020.3.18f1/Editor/Data/Resources/UnitySubsystems
[Subsystems] Discovering subsystems at path E:/Unity/2020.3.18f1/BarberApp/BarberApp/Assets
GfxDevice: creating device client; threaded=0
Direct3D:
    Version:  Direct3D 11.0 [level 11.1]
    Renderer: NVIDIA GeForce GTX 1650 (ID=0x1f91)
    Vendor:   
    VRAM:     3962 MB
    Driver:   27.21.14.6627
Initialize mono
Mono path[0] = 'E:/Unity/2020.3.18f1/Editor/Data/Managed'
Mono path[1] = 'E:/Unity/2020.3.18f1/Editor/Data/MonoBleedingEdge/lib/mono/unityjit'
Mono config path = 'E:/Unity/2020.3.18f1/Editor/Data/MonoBleedingEdge/etc'
Using monoOptions --debugger-agent=transport=dt_socket,embedding=1,server=y,suspend=n,address=127.0.0.1:56496
Begin MonoManager ReloadAssembly
Registering precompiled unity dll's ...
Register platform support module: E:/Unity/2020.3.18f1/Editor/Data/PlaybackEngines/WindowsStandaloneSupport/UnityEditor.WindowsStandalone.Extensions.dll
Registered in 0.001146 seconds.
Native extension for WindowsStandalone target not found
Refreshing native plugins compatible for Editor in 35.27 ms, found 4 plugins.
Preloading 0 native plugins for Editor in 0.00 ms.
Mono: successfully reloaded assembly
- Completed reload, in  2.111 seconds
Domain Reload Profiling:
	ReloadAssembly (2111ms)
		BeginReloadAssembly (66ms)
			ExecutionOrderSort (0ms)
			DisableScriptedObjects (0ms)
			BackupInstance (0ms)
			ReleaseScriptingObjects (0ms)
			CreateAndSetChildDomain (1ms)
		EndReloadAssembly (402ms)
			LoadAssemblies (65ms)
			RebuildTransferFunctionScriptingTraits (0ms)
			SetupTypeCache (148ms)
			ReleaseScriptCaches (0ms)
			RebuildScriptCaches (30ms)
			SetupLoadedEditorAssemblies (153ms)
				LogAssemblyErrors (0ms)
				InitializePlatformSupportModulesInManaged (3ms)
				SetLoadedEditorAssemblies (0ms)
				RefreshPlugins (35ms)
				BeforeProcessingInitializeOnLoad (15ms)
				ProcessInitializeOnLoadAttributes (72ms)
				ProcessInitializeOnLoadMethodAttributes (27ms)
				AfterProcessingInitializeOnLoad (0ms)
				EditorAssembliesLoaded (0ms)
			ExecutionOrderSort2 (0ms)
			AwakeInstancesAfterBackupRestoration (0ms)
Platform modules already initialized, skipping
Registering precompiled user dll's ...
Registered in 0.009968 seconds.
Begin MonoManager ReloadAssembly
Native extension for WindowsStandalone target not found
Refreshing native plugins compatible for Editor in 0.88 ms, found 4 plugins.
Preloading 0 native plugins for Editor in 0.00 ms.
Mono: successfully reloaded assembly
- Completed reload, in  1.076 seconds
Domain Reload Profiling:
	ReloadAssembly (1077ms)
		BeginReloadAssembly (149ms)
			ExecutionOrderSort (0ms)
			DisableScriptedObjects (4ms)
			BackupInstance (0ms)
			ReleaseScriptingObjects (0ms)
			CreateAndSetChildDomain (18ms)
		EndReloadAssembly (872ms)
			LoadAssemblies (104ms)
			RebuildTransferFunctionScriptingTraits (0ms)
			SetupTypeCache (260ms)
			ReleaseScriptCaches (0ms)
			RebuildScriptCaches (39ms)
			SetupLoadedEditorAssemblies (388ms)
				LogAssemblyErrors (0ms)
				InitializePlatformSupportModulesInManaged (4ms)
				SetLoadedEditorAssemblies (0ms)
				RefreshPlugins (1ms)
				BeforeProcessingInitializeOnLoad (94ms)
				ProcessInitializeOnLoadAttributes (281ms)
				ProcessInitializeOnLoadMethodAttributes (4ms)
				AfterProcessingInitializeOnLoad (2ms)
				EditorAssembliesLoaded (0ms)
			ExecutionOrderSort2 (0ms)
			AwakeInstancesAfterBackupRestoration (6ms)
Platform modules already initialized, skipping
========================================================================
Worker process is ready to serve import requests
Launched and connected shader compiler UnityShaderCompiler.exe after 0.07 seconds
Refreshing native plugins compatible for Editor in 1.44 ms, found 4 plugins.
Preloading 0 native plugins for Editor in 0.00 ms.
Unloading 1565 Unused Serialized files (Serialized files now loaded: 0)
System memory in use before: 72.6 MB.
System memory in use after: 72.7 MB.

Unloading 115 unused Assets to reduce memory usage. Loaded Objects now: 1914.
Total: 2.672800 ms (FindLiveObjects: 0.145900 ms CreateObjectMapping: 0.049100 ms MarkObjects: 2.379700 ms  DeleteObjects: 0.096900 ms)

AssetImportParameters requested are different than current active one (requested -> active):
  custom:framework-win-MediaFoundation: 216162199b28c13a410421893ffa2e32 -> 
  custom:video-decoder-ogg-theora: a1e56fd34408186e4bbccfd4996cb3dc -> 
  custom:container-muxer-webm: aa71ff27fc2769a1b78a27578f13a17b -> 
  custom:container-demuxer-webm: 4f35f7cbe854078d1ac9338744f61a02 -> 
  custom:container-demuxer-ogg: 62fdf1f143b41e24485cea50d1cbac27 -> 
  custom:video-encoder-webm-vp8: eb34c28f22e8b96e1ab97ce403110664 -> 
  custom:video-decoder-webm-vp8: 9c59270c3fd7afecdb556c50c9e8de78 -> 
  custom:audio-decoder-ogg-vorbis: bf7c407c2cedff20999df2af8eb42d56 -> 
  custom:audio-encoder-webm-vorbis: bf7c407c2cedff20999df2af8eb42d56 -> 
========================================================================
Received Import Request.
  path: Assets/Plugins/Android/FirebaseApp.androidlib
  artifactKey: Guid(39aeb1e90e1034948ae67c4e6dbe995e) Importer(815301076,1909f56bfc062723c751e8b465ee728b)
Start importing Assets/Plugins/Android/FirebaseApp.androidlib using Guid(39aeb1e90e1034948ae67c4e6dbe995e) Importer(815301076,1909f56bfc062723c751e8b465ee728b)  -> (artifact id: '6f872c2c9e849a47cac3abee45d94aa0') in 0.008145 seconds 
  Import took 0.010677 seconds .

========================================================================
Received Import Request.
  Time since last request: 0.000163 seconds.
  path: Assets/Plugins/Android
  artifactKey: Guid(9154a2d30183e8341b9e88a564393c68) Importer(815301076,1909f56bfc062723c751e8b465ee728b)
Start importing Assets/Plugins/Android using Guid(9154a2d30183e8341b9e88a564393c68) Importer(815301076,1909f56bfc062723c751e8b465ee728b)  -> (artifact id: 'b1efad70d4c339eb6a90a0ca090a3269') in 0.007952 seconds 
  Import took 0.010386 seconds .

========================================================================
Received Import Request.
  Time since last request: 97.747753 seconds.
  path: Assets/Editor/com.unity.mobile.notifications
  artifactKey: Guid(a9ac4c0f4ca187f419b7db8a84079af6) Importer(815301076,1909f56bfc062723c751e8b465ee728b)
Start importing Assets/Editor/com.unity.mobile.notifications using Guid(a9ac4c0f4ca187f419b7db8a84079af6) Importer(815301076,1909f56bfc062723c751e8b465ee728b)  -> (artifact id: '40f1cdb855e69389a0509144d30f1ea0') in 0.009028 seconds 
  Import took 0.011701 seconds .

========================================================================
Received Import Request.
  Time since last request: 0.040343 seconds.
  path: Assets/Editor/com.unity.mobile.notifications/NotificationSettings.asset
  artifactKey: Guid(42c9fed4c57454e4f926a275068fdde4) Importer(815301076,1909f56bfc062723c751e8b465ee728b)
Start importing Assets/Editor/com.unity.mobile.notifications/NotificationSettings.asset using Guid(42c9fed4c57454e4f926a275068fdde4) Importer(815301076,1909f56bfc062723c751e8b465ee728b)  -> (artifact id: 'be8357129d1026a4686f33cfbe6fd747') in 0.026152 seconds 
  Import took 0.028985 seconds .

========================================================================
Received Import Request.
  Time since last request: 6.387192 seconds.
  path: Assets/Editor Default Resources/Firebase
  artifactKey: Guid(254c92cc29a20cd4f8cb8f71732f50be) Importer(815301076,1909f56bfc062723c751e8b465ee728b)
Start importing Assets/Editor Default Resources/Firebase using Guid(254c92cc29a20cd4f8cb8f71732f50be) Importer(815301076,1909f56bfc062723c751e8b465ee728b)  -> (artifact id: '71a3c8e86dd4b4a86925861a43b108e6') in 0.007809 seconds 
  Import took 0.010236 seconds .

========================================================================
Received Import Request.
  Time since last request: 0.043290 seconds.
  path: Assets/Editor Default Resources/Firebase/fb_analytics.png
  artifactKey: Guid(dc218b335b1d14cd5ae532f65042d829) Importer(815301076,1909f56bfc062723c751e8b465ee728b)
Start importing Assets/Editor Default Resources/Firebase/fb_analytics.png using Guid(dc218b335b1d14cd5ae532f65042d829) Importer(815301076,1909f56bfc062723c751e8b465ee728b)  -> (artifact id: '8ca57c8b78e8e4aa23b33efba8bdd796') in 0.069495 seconds 
  Import took 0.072117 seconds .

========================================================================
Received Import Request.
  Time since last request: 0.000243 seconds.
  path: Assets/Editor Default Resources/Firebase/fb_config_dark.png
  artifactKey: Guid(0ad9ef5fff5524355a9670c90a99cbba) Importer(815301076,1909f56bfc062723c751e8b465ee728b)
Start importing Assets/Editor Default Resources/Firebase/fb_config_dark.png using Guid(0ad9ef5fff5524355a9670c90a99cbba) Importer(815301076,1909f56bfc062723c751e8b465ee728b)  -> (artifact id: '1f3a1284d91ea1af138466370c0f5854') in 0.011393 seconds 
  Import took 0.013935 seconds .

========================================================================
Received Import Request.
  Time since last request: 0.000211 seconds.
  path: Assets/Editor Default Resources/Firebase/fb_database.png
  artifactKey: Guid(3eea7b558c67b48e18acf3c278392e3d) Importer(815301076,1909f56bfc062723c751e8b465ee728b)
Start importing Assets/Editor Default Resources/Firebase/fb_database.png using Guid(3eea7b558c67b48e18acf3c278392e3d) Importer(815301076,1909f56bfc062723c751e8b465ee728b)  -> (artifact id: 'dc04f0c6b994b5a9ece8758590f755ec') in 0.010265 seconds 
  Import took 0.013205 seconds .

========================================================================
Received Import Request.
  Time since last request: 0.000316 seconds.
  path: Assets/Editor Default Resources/Firebase/fb_database_dark.png
  artifactKey: Guid(9f6bfa9d8aefb40dc92461c372c73b0f) Importer(815301076,1909f56bfc062723c751e8b465ee728b)
Start importing Assets/Editor Default Resources/Firebase/fb_database_dark.png using Guid(9f6bfa9d8aefb40dc92461c372c73b0f) Importer(815301076,1909f56bfc062723c751e8b465ee728b)  -> (artifact id: 'cdc73276f3d503784c9908439bb90df2') in 0.011194 seconds 
  Import took 0.013693 seconds .

========================================================================
Received Import Request.
  Time since last request: 0.000316 seconds.
  path: Assets/Editor Default Resources/Firebase/fb_cloud_messaging.png
  artifactKey: Guid(837e8e1f35e334e81931d0857680cebf) Importer(815301076,1909f56bfc062723c751e8b465ee728b)
Start importing Assets/Editor Default Resources/Firebase/fb_cloud_messaging.png using Guid(837e8e1f35e334e81931d0857680cebf) Importer(815301076,1909f56bfc062723c751e8b465ee728b)  -> (artifact id: '30861e789380c87aed986423719cec88') in 0.009889 seconds 
  Import took 0.012623 seconds .

========================================================================
Received Import Request.
  Time since last request: 0.000310 seconds.
  path: Assets/Editor Default Resources/Firebase/fb_crashlytics_dark.png
  artifactKey: Guid(214009068900439da4a9cded17d58090) Importer(815301076,1909f56bfc062723c751e8b465ee728b)
Start importing Assets/Editor Default Resources/Firebase/fb_crashlytics_dark.png using Guid(214009068900439da4a9cded17d58090) Importer(815301076,1909f56bfc062723c751e8b465ee728b)  -> (artifact id: '2ee542b90e5fffb2c22267a1a35609dc') in 0.010330 seconds 
  Import took 0.012842 seconds .

========================================================================
Received Import Request.
  Time since last request: 0.000322 seconds.
  path: Assets/Editor Default Resources/Firebase/fb_functions.png
  artifactKey: Guid(953367231f9e3e22e70e5d1c91a40fe5) Importer(815301076,1909f56bfc062723c751e8b465ee728b)
Start importing Assets/Editor Default Resources/Firebase/fb_functions.png using Guid(953367231f9e3e22e70e5d1c91a40fe5) Importer(815301076,1909f56bfc062723c751e8b465ee728b)  -> (artifact id: '2288f4263a8ef637a236da09b7403c11') in 0.010751 seconds 
  Import took 0.013921 seconds .

========================================================================
Received Import Request.
  Time since last request: 0.000217 seconds.
  path: Assets/Editor Default Resources/Firebase/firebase_lockup.png
  artifactKey: Guid(9f058f25e8e2d47cfb894951d4d7e48a) Importer(815301076,1909f56bfc062723c751e8b465ee728b)
Start importing Assets/Editor Default Resources/Firebase/firebase_lockup.png using Guid(9f058f25e8e2d47cfb894951d4d7e48a) Importer(815301076,1909f56bfc062723c751e8b465ee728b)  -> (artifact id: '6584864b582efbc1f4b6522958e506ae') in 0.010871 seconds 
  Import took 0.013343 seconds .

========================================================================
Received Import Request.
  Time since last request: 0.000302 seconds.
  path: Assets/Editor Default Resources/Firebase/fb_crashlytics.png
  artifactKey: Guid(008a5e76206e49f9b06d8ba144aabb38) Importer(815301076,1909f56bfc062723c751e8b465ee728b)
Start importing Assets/Editor Default Resources/Firebase/fb_crashlytics.png using Guid(008a5e76206e49f9b06d8ba144aabb38) Importer(815301076,1909f56bfc062723c751e8b465ee728b)  -> (artifact id: '6326ee20e0d9c57cc28d7eb1dab322a2') in 0.010029 seconds 
  Import took 0.012673 seconds .

========================================================================
Received Import Request.
  Time since last request: 0.000213 seconds.
  path: Assets/Editor Default Resources/Firebase/fb_storage_dark.png
  artifactKey: Guid(2955864b938094f579ea9902b65ac10c) Importer(815301076,1909f56bfc062723c751e8b465ee728b)
Start importing Assets/Editor Default Resources/Firebase/fb_storage_dark.png using Guid(2955864b938094f579ea9902b65ac10c) Importer(815301076,1909f56bfc062723c751e8b465ee728b)  -> (artifact id: '9bb369a18c6c82b81e88a0c6c876a9b4') in 0.009523 seconds 
  Import took 0.012210 seconds .

========================================================================
Received Import Request.
  Time since last request: 0.000304 seconds.
  path: Assets/Editor Default Resources/Firebase/fb_analytics_dark.png
  artifactKey: Guid(9fe4b3bd3b7d2477dac92fb7429d1d1b) Importer(815301076,1909f56bfc062723c751e8b465ee728b)
Start importing Assets/Editor Default Resources/Firebase/fb_analytics_dark.png using Guid(9fe4b3bd3b7d2477dac92fb7429d1d1b) Importer(815301076,1909f56bfc062723c751e8b465ee728b)  -> (artifact id: '09ce61d41e8663e1ab56f2d6dfe25e3a') in 0.009841 seconds 
  Import took 0.012218 seconds .

========================================================================
Received Import Request.
  Time since last request: 0.000229 seconds.
  path: Assets/Editor Default Resources/Firebase/fb_functions_dark.png
  artifactKey: Guid(b5aa3e4f7432e1c5698417cc13f85271) Importer(815301076,1909f56bfc062723c751e8b465ee728b)
Start importing Assets/Editor Default Resources/Firebase/fb_functions_dark.png using Guid(b5aa3e4f7432e1c5698417cc13f85271) Importer(815301076,1909f56bfc062723c751e8b465ee728b)  -> (artifact id: '41a3486ba6822d03f69ccfcc0473b5a0') in 0.011102 seconds 
  Import took 0.013496 seconds .

========================================================================
Received Import Request.
  Time since last request: 0.000298 seconds.
  path: Assets/Editor Default Resources/Firebase/fb_auth.png
  artifactKey: Guid(394b3ec4d60c24476a12e4ba696d9e5d) Importer(815301076,1909f56bfc062723c751e8b465ee728b)
Start importing Assets/Editor Default Resources/Firebase/fb_auth.png using Guid(394b3ec4d60c24476a12e4ba696d9e5d) Importer(815301076,1909f56bfc062723c751e8b465ee728b)  -> (artifact id: '2cd317bc5947ea85cdaf59b497277600') in 0.010729 seconds 
  Import took 0.013018 seconds .

========================================================================
Received Import Request.
  Time since last request: 0.000192 seconds.
  path: Assets/Editor Default Resources/Firebase/fb_auth_dark.png
  artifactKey: Guid(3a9e1ef6287664c389bb09e2ac1b23b7) Importer(815301076,1909f56bfc062723c751e8b465ee728b)
Start importing Assets/Editor Default Resources/Firebase/fb_auth_dark.png using Guid(3a9e1ef6287664c389bb09e2ac1b23b7) Importer(815301076,1909f56bfc062723c751e8b465ee728b)  -> (artifact id: '468595980cbbf7779999ccfa9fde1c90') in 0.010080 seconds 
  Import took 0.012533 seconds .

========================================================================
Received Import Request.
  Time since last request: 0.000191 seconds.
  path: Assets/Editor Default Resources/Firebase/fb_config.png
  artifactKey: Guid(415eaec414af14d11955222a282aca08) Importer(815301076,1909f56bfc062723c751e8b465ee728b)
Start importing Assets/Editor Default Resources/Firebase/fb_config.png using Guid(415eaec414af14d11955222a282aca08) Importer(815301076,1909f56bfc062723c751e8b465ee728b)  -> (artifact id: 'ebe1ab64314e5814bad249234d613248') in 0.011247 seconds 
  Import took 0.013899 seconds .

========================================================================
Received Import Request.
  Time since last request: 0.000271 seconds.
  path: Assets/Editor Default Resources/Firebase/fb_cloud_messaging_dark.png
  artifactKey: Guid(20c5b8a1f82cb4aadb77ca20683d2a6e) Importer(815301076,1909f56bfc062723c751e8b465ee728b)
Start importing Assets/Editor Default Resources/Firebase/fb_cloud_messaging_dark.png using Guid(20c5b8a1f82cb4aadb77ca20683d2a6e) Importer(815301076,1909f56bfc062723c751e8b465ee728b)  -> (artifact id: 'c207ce1fc5ee6387ed83a0fc8b994045') in 0.010189 seconds 
  Import took 0.012890 seconds .

========================================================================
Received Import Request.
  Time since last request: 0.000269 seconds.
  path: Assets/Editor Default Resources/Firebase/fb_dynamic_links.png
  artifactKey: Guid(df6f219c396f4ad9b5048bae6944cb8e) Importer(815301076,1909f56bfc062723c751e8b465ee728b)
Start importing Assets/Editor Default Resources/Firebase/fb_dynamic_links.png using Guid(df6f219c396f4ad9b5048bae6944cb8e) Importer(815301076,1909f56bfc062723c751e8b465ee728b)  -> (artifact id: '1a7a72db141e28f23b94aee005d435f7') in 0.010550 seconds 
  Import took 0.013043 seconds .

========================================================================
Received Import Request.
  Time since last request: 0.000227 seconds.
  path: Assets/Editor Default Resources/Firebase/fb_dynamic_links_dark.png
  artifactKey: Guid(9355a4671cfe4eef90879863318d1a4b) Importer(815301076,1909f56bfc062723c751e8b465ee728b)
Start importing Assets/Editor Default Resources/Firebase/fb_dynamic_links_dark.png using Guid(9355a4671cfe4eef90879863318d1a4b) Importer(815301076,1909f56bfc062723c751e8b465ee728b)  -> (artifact id: 'fd5137347bf3065f456fab0d4033dae0') in 0.009327 seconds 
  Import took 0.011577 seconds .

========================================================================
Received Import Request.
  Time since last request: 0.000302 seconds.
  path: Assets/Editor Default Resources/Firebase/firebase_lockup_dark.png
  artifactKey: Guid(b93330fc8ea08407dbc514b5101afa14) Importer(815301076,1909f56bfc062723c751e8b465ee728b)
Start importing Assets/Editor Default Resources/Firebase/firebase_lockup_dark.png using Guid(b93330fc8ea08407dbc514b5101afa14) Importer(815301076,1909f56bfc062723c751e8b465ee728b)  -> (artifact id: 'b00389c52061cb6156db324a42c0f566') in 0.009741 seconds 
  Import took 0.012068 seconds .

========================================================================
Received Import Request.
  Time since last request: 0.000187 seconds.
  path: Assets/Editor Default Resources/Firebase/fb_storage.png
  artifactKey: Guid(573eb851c99f948f4bf2de49322bfd53) Importer(815301076,1909f56bfc062723c751e8b465ee728b)
Start importing Assets/Editor Default Resources/Firebase/fb_storage.png using Guid(573eb851c99f948f4bf2de49322bfd53) Importer(815301076,1909f56bfc062723c751e8b465ee728b)  -> (artifact id: '49fdf25ddf1d353086830d92333de329') in 0.011616 seconds 
  Import took 0.014513 seconds .

========================================================================
Received Import Request.
  Time since last request: 6.261661 seconds.
  path: Assets/Imagini/87-876459_back-button-png-red.png
  artifactKey: Guid(052c220677619ec46b5a49c070267e67) Importer(815301076,1909f56bfc062723c751e8b465ee728b)
Start importing Assets/Imagini/87-876459_back-button-png-red.png using Guid(052c220677619ec46b5a49c070267e67) Importer(815301076,1909f56bfc062723c751e8b465ee728b)  -> (artifact id: 'f6892b7dc33c2d647193ad74b7a829ff') in 0.051901 seconds 
  Import took 0.054337 seconds .

========================================================================
Received Import Request.
  Time since last request: 0.000288 seconds.
  path: Assets/Imagini/nicolae-guta-a-lansat-o-manea-pentru-psd-de-vrei-gustul-fericirii-stampileaza-trandafirii-22258.jpg
  artifactKey: Guid(1fb9b170e695b3f4ea0c3e1ad16b2162) Importer(815301076,1909f56bfc062723c751e8b465ee728b)
Start importing Assets/Imagini/nicolae-guta-a-lansat-o-manea-pentru-psd-de-vrei-gustul-fericirii-stampileaza-trandafirii-22258.jpg using Guid(1fb9b170e695b3f4ea0c3e1ad16b2162) Importer(815301076,1909f56bfc062723c751e8b465ee728b)  -> (artifact id: 'b41bc57a20c55cbd6bc725aaa4b100d3') in 0.040919 seconds 
  Import took 0.043027 seconds .

========================================================================
Received Import Request.
  Time since last request: 0.000309 seconds.
  path: Assets/Imagini/background.jpg
  artifactKey: Guid(4d4d5d2d62846e046a7a817bcf7ba56b) Importer(815301076,1909f56bfc062723c751e8b465ee728b)
Start importing Assets/Imagini/background.jpg using Guid(4d4d5d2d62846e046a7a817bcf7ba56b) Importer(815301076,1909f56bfc062723c751e8b465ee728b)  -> (artifact id: '2f08d0673f798464864593aa3eb627c5') in 0.066316 seconds 
  Import took 0.068516 seconds .

========================================================================
Received Import Request.
  Time since last request: 0.000308 seconds.
  path: Assets/Imagini/logo_demo.jpg
  artifactKey: Guid(3cad6c05c77d70b4baf1f4d490d39ac1) Importer(815301076,1909f56bfc062723c751e8b465ee728b)
Start importing Assets/Imagini/logo_demo.jpg using Guid(3cad6c05c77d70b4baf1f4d490d39ac1) Importer(815301076,1909f56bfc062723c751e8b465ee728b)  -> (artifact id: '52b149157dcf5917c357307c149abde9') in 0.069886 seconds 
  Import took 0.072244 seconds .

========================================================================
Received Import Request.
  Time since last request: 0.000307 seconds.
  path: Assets/Imagini/frizerie2_demo.jpg
  artifactKey: Guid(401f71ee5a0b6cf4b906623641847b79) Importer(815301076,1909f56bfc062723c751e8b465ee728b)
Start importing Assets/Imagini/frizerie2_demo.jpg using Guid(401f71ee5a0b6cf4b906623641847b79) Importer(815301076,1909f56bfc062723c751e8b465ee728b)  -> (artifact id: '37abfc8467fc893047157bd7012acc17') in 0.074945 seconds 
  Import took 0.077331 seconds .

========================================================================
Received Import Request.
  Time since last request: 0.000284 seconds.
  path: Assets/Imagini/frizer_avatar3_demo.jpg
  artifactKey: Guid(1e3bdf75a0adedf4c91dee92bf73a2bf) Importer(815301076,1909f56bfc062723c751e8b465ee728b)
Start importing Assets/Imagini/frizer_avatar3_demo.jpg using Guid(1e3bdf75a0adedf4c91dee92bf73a2bf) Importer(815301076,1909f56bfc062723c751e8b465ee728b)  -> (artifact id: 'c16c2d553b69a44d887324362434baf6') in 0.053593 seconds 
  Import took 0.055724 seconds .

========================================================================
Received Import Request.
  Time since last request: 0.000326 seconds.
  path: Assets/Imagini/menu_btn_icon.png
  artifactKey: Guid(932df1be62bcead4cadcaf6fbbf7ec53) Importer(815301076,1909f56bfc062723c751e8b465ee728b)
Start importing Assets/Imagini/menu_btn_icon.png using Guid(932df1be62bcead4cadcaf6fbbf7ec53) Importer(815301076,1909f56bfc062723c751e8b465ee728b)  -> (artifact id: 'b6a417de00860faad89972d322778222') in 0.016538 seconds 
  Import took 0.018848 seconds .

========================================================================
Received Import Request.
  Time since last request: 0.000305 seconds.
  path: Assets/Imagini/frizerie1_demo.jpg
  artifactKey: Guid(7df4070d215fa9049b49247b492f7a1a) Importer(815301076,1909f56bfc062723c751e8b465ee728b)
Start importing Assets/Imagini/frizerie1_demo.jpg using Guid(7df4070d215fa9049b49247b492f7a1a) Importer(815301076,1909f56bfc062723c751e8b465ee728b)  -> (artifact id: 'b48943b98de77ae8f7966548f0d9fd83') in 0.027684 seconds 
  Import took 0.030034 seconds .

========================================================================
Received Import Request.
  Time since last request: 0.000271 seconds.
  path: Assets/Imagini/frizerie3_demo.jpg
  artifactKey: Guid(7ca02dc3d2d0ecd4eaf17a03366b3761) Importer(815301076,1909f56bfc062723c751e8b465ee728b)
Start importing Assets/Imagini/frizerie3_demo.jpg using Guid(7ca02dc3d2d0ecd4eaf17a03366b3761) Importer(815301076,1909f56bfc062723c751e8b465ee728b)  -> (artifact id: '728e2cb2e1e1d24ac8b3b2df2933b46f') in 0.021064 seconds 
  Import took 0.023421 seconds .

========================================================================
Received Import Request.
  Time since last request: 0.000308 seconds.
  path: Assets/Imagini/image4.png
  artifactKey: Guid(4b226a53d9209ae48bdb25dc4401e7b0) Importer(815301076,1909f56bfc062723c751e8b465ee728b)
Start importing Assets/Imagini/image4.png using Guid(4b226a53d9209ae48bdb25dc4401e7b0) Importer(815301076,1909f56bfc062723c751e8b465ee728b)  -> (artifact id: 'f6a396df79bab0166ebba254c7195c38') in 0.034969 seconds 
  Import took 0.037517 seconds .

========================================================================
Received Import Request.
  Time since last request: 0.000312 seconds.
  path: Assets/Imagini/profile.png
  artifactKey: Guid(39be90dbf6e90034c93d994dc731fd45) Importer(815301076,1909f56bfc062723c751e8b465ee728b)
Start importing Assets/Imagini/profile.png using Guid(39be90dbf6e90034c93d994dc731fd45) Importer(815301076,1909f56bfc062723c751e8b465ee728b)  -> (artifact id: '27ad4b7ede831d914ba71ac261df41bc') in 0.021214 seconds 
  Import took 0.023714 seconds .

========================================================================
Received Import Request.
  Time since last request: 0.000219 seconds.
  path: Assets/Imagini/frizer_avatar2_demo.jpg
  artifactKey: Guid(d819c7335c2dd1849a5a805b1d2c887d) Importer(815301076,1909f56bfc062723c751e8b465ee728b)
Start importing Assets/Imagini/frizer_avatar2_demo.jpg using Guid(d819c7335c2dd1849a5a805b1d2c887d) Importer(815301076,1909f56bfc062723c751e8b465ee728b)  -> (artifact id: '20e9ac77ca91c46f5f7dd4902925bdfe') in 0.021932 seconds 
  Import took 0.024720 seconds .

========================================================================
Received Import Request.
  Time since last request: 0.000304 seconds.
  path: Assets/Imagini/info_error.png
  artifactKey: Guid(d99c12143f90b214cb435708f4ce245f) Importer(815301076,1909f56bfc062723c751e8b465ee728b)
Start importing Assets/Imagini/info_error.png using Guid(d99c12143f90b214cb435708f4ce245f) Importer(815301076,1909f56bfc062723c751e8b465ee728b)  -> (artifact id: 'a9ff9a9e240cfe8f3ec687ce8a2faacf') in 0.020195 seconds 
  Import took 0.022453 seconds .

========================================================================
Received Import Request.
  Time since last request: 0.000307 seconds.
  path: Assets/Imagini/logo.png
  artifactKey: Guid(0a8318cf2b0bef945b49f544f504509c) Importer(815301076,1909f56bfc062723c751e8b465ee728b)
Start importing Assets/Imagini/logo.png using Guid(0a8318cf2b0bef945b49f544f504509c) Importer(815301076,1909f56bfc062723c751e8b465ee728b)  -> (artifact id: 'cefcf085a4ea3f0ff0373577e50f2edf') in 0.062721 seconds 
  Import took 0.064962 seconds .

========================================================================
Received Import Request.
  Time since last request: 0.000302 seconds.
  path: Assets/Imagini/ro_lang.png
  artifactKey: Guid(a9d4f6b47138d50478f422ef385c8b36) Importer(815301076,1909f56bfc062723c751e8b465ee728b)
Start importing Assets/Imagini/ro_lang.png using Guid(a9d4f6b47138d50478f422ef385c8b36) Importer(815301076,1909f56bfc062723c751e8b465ee728b)  -> (artifact id: 'a7b978ed979255c45c962778806716d4') in 0.023041 seconds 
  Import took 0.025387 seconds .

========================================================================
Received Import Request.
  Time since last request: 0.000289 seconds.
  path: Assets/Imagini/frizer_avatar1_demo.jpg
  artifactKey: Guid(a2973fc09d78427419475e5c1796b919) Importer(815301076,1909f56bfc062723c751e8b465ee728b)
Start importing Assets/Imagini/frizer_avatar1_demo.jpg using Guid(a2973fc09d78427419475e5c1796b919) Importer(815301076,1909f56bfc062723c751e8b465ee728b)  -> (artifact id: '99a978317ffe5e704e5a772016239a3c') in 0.021897 seconds 
  Import took 0.024199 seconds .

========================================================================
Received Import Request.
  Time since last request: 0.000244 seconds.
  path: Assets/Imagini/barber_cartoon.png
  artifactKey: Guid(6043eaf2fde0f554cb6d93c89374aba0) Importer(815301076,1909f56bfc062723c751e8b465ee728b)
Start importing Assets/Imagini/barber_cartoon.png using Guid(6043eaf2fde0f554cb6d93c89374aba0) Importer(815301076,1909f56bfc062723c751e8b465ee728b)  -> (artifact id: 'd435007850c18c6185fd743b9cd1a01f') in 0.017566 seconds 
  Import took 0.020328 seconds .

========================================================================
Received Import Request.
  Time since last request: 0.000193 seconds.
  path: Assets/Imagini/location.png
  artifactKey: Guid(1599414b4144d9e45bb541bbf0e952b2) Importer(815301076,1909f56bfc062723c751e8b465ee728b)
Start importing Assets/Imagini/location.png using Guid(1599414b4144d9e45bb541bbf0e952b2) Importer(815301076,1909f56bfc062723c751e8b465ee728b)  -> (artifact id: '15cf4e75817bdbf45fee1017d17bbf0c') in 0.014887 seconds 
  Import took 0.017873 seconds .

========================================================================
Received Import Request.
  Time since last request: 0.000280 seconds.
  path: Assets/Imagini/rating_stars.psd
  artifactKey: Guid(7962322807a627f4ab6f94e8d63b41c6) Importer(815301076,1909f56bfc062723c751e8b465ee728b)
Start importing Assets/Imagini/rating_stars.psd using Guid(7962322807a627f4ab6f94e8d63b41c6) Importer(815301076,1909f56bfc062723c751e8b465ee728b)  -> (artifact id: '4b6753ca51dc48bdcb0dd2e527667c3a') in 0.036413 seconds 
  Import took 0.038725 seconds .

========================================================================
Received Import Request.
  Time since last request: 0.000227 seconds.
  path: Assets/Imagini/app_icon.png
  artifactKey: Guid(9ba2bea423fd0074bb8c02452e37a03e) Importer(815301076,1909f56bfc062723c751e8b465ee728b)
Start importing Assets/Imagini/app_icon.png using Guid(9ba2bea423fd0074bb8c02452e37a03e) Importer(815301076,1909f56bfc062723c751e8b465ee728b)  -> (artifact id: '668fe977771b44965b327211ea2cbed6') in 0.020545 seconds 
  Import took 0.022782 seconds .

========================================================================
Received Import Request.
  Time since last request: 0.000307 seconds.
  path: Assets/Imagini/eng_lang.png
  artifactKey: Guid(fb3c3e7fe7eb9924f8210646494c07ad) Importer(815301076,1909f56bfc062723c751e8b465ee728b)
Start importing Assets/Imagini/eng_lang.png using Guid(fb3c3e7fe7eb9924f8210646494c07ad) Importer(815301076,1909f56bfc062723c751e8b465ee728b)  -> (artifact id: 'ed34612ae9a9da3cfa1a8e95830e38fb') in 0.019712 seconds 
  Import took 0.022188 seconds .

========================================================================
Received Import Request.
  Time since last request: 0.000226 seconds.
  path: Assets/Imagini/app_icon.png
  artifactKey: Guid(9ba2bea423fd0074bb8c02452e37a03e) Importer(815301076,1909f56bfc062723c751e8b465ee728b)
Start importing Assets/Imagini/app_icon.png using Guid(9ba2bea423fd0074bb8c02452e37a03e) Importer(815301076,1909f56bfc062723c751e8b465ee728b)  -> (artifact id: '668fe977771b44965b327211ea2cbed6') in 0.009852 seconds 
  Import took 0.012031 seconds .

========================================================================
Received Prepare
Registering precompiled user dll's ...
Registered in 0.012090 seconds.
Begin MonoManager ReloadAssembly
Native extension for WindowsStandalone target not found
Refreshing native plugins compatible for Editor in 1.68 ms, found 4 plugins.
Preloading 0 native plugins for Editor in 0.00 ms.
Mono: successfully reloaded assembly
- Completed reload, in  1.257 seconds
Domain Reload Profiling:
	ReloadAssembly (1258ms)
		BeginReloadAssembly (128ms)
			ExecutionOrderSort (0ms)
			DisableScriptedObjects (4ms)
			BackupInstance (0ms)
			ReleaseScriptingObjects (0ms)
			CreateAndSetChildDomain (32ms)
		EndReloadAssembly (1062ms)
			LoadAssemblies (138ms)
			RebuildTransferFunctionScriptingTraits (0ms)
			SetupTypeCache (322ms)
			ReleaseScriptCaches (1ms)
			RebuildScriptCaches (43ms)
			SetupLoadedEditorAssemblies (460ms)
				LogAssemblyErrors (0ms)
				InitializePlatformSupportModulesInManaged (5ms)
				SetLoadedEditorAssemblies (1ms)
				RefreshPlugins (2ms)
				BeforeProcessingInitializeOnLoad (95ms)
				ProcessInitializeOnLoadAttributes (351ms)
				ProcessInitializeOnLoadMethodAttributes (4ms)
				AfterProcessingInitializeOnLoad (2ms)
				EditorAssembliesLoaded (0ms)
			ExecutionOrderSort2 (0ms)
			AwakeInstancesAfterBackupRestoration (8ms)
Platform modules already initialized, skipping
Switching build target platform(19) subTarget(0) extendedPlatform(0) -> platform(13) subTarget(589824) extendedPlatform(0)
Refreshing native plugins compatible for Editor in 0.94 ms, found 4 plugins.
Preloading 0 native plugins for Editor in 0.00 ms.
Unloading 1599 Unused Serialized files (Serialized files now loaded: 0)
System memory in use before: 75.6 MB.
System memory in use after: 75.8 MB.

Unloading 160 unused Assets to reduce memory usage. Loaded Objects now: 1958.
Total: 2.998400 ms (FindLiveObjects: 0.154900 ms CreateObjectMapping: 0.059700 ms MarkObjects: 2.725200 ms  DeleteObjects: 0.057400 ms)

AssetImportParameters requested are different than current active one (requested -> active):
  custom:framework-win-MediaFoundation: 216162199b28c13a410421893ffa2e32 -> 
  custom:video-decoder-ogg-theora: a1e56fd34408186e4bbccfd4996cb3dc -> 
  custom:container-muxer-webm: aa71ff27fc2769a1b78a27578f13a17b -> 
  custom:container-demuxer-webm: 4f35f7cbe854078d1ac9338744f61a02 -> 
  custom:container-demuxer-ogg: 62fdf1f143b41e24485cea50d1cbac27 -> 
  custom:video-encoder-webm-vp8: eb34c28f22e8b96e1ab97ce403110664 -> 
  custom:video-decoder-webm-vp8: 9c59270c3fd7afecdb556c50c9e8de78 -> 
  custom:graphics/normal-map-encoding: 01000000000000000000000000000000 -> 02000000000000000000000000000000
  custom:audio-decoder-ogg-vorbis: bf7c407c2cedff20999df2af8eb42d56 -> 
  custom:audio-encoder-webm-vorbis: bf7c407c2cedff20999df2af8eb42d56 -> 
AssetImportWorkerClient::OnTransportError - code=2 error=End of file
